# Push Log for intellecton-lattice
# Generated by gitfield-sync

[2025-06-12T04:37:15Z] Local: , Branch=master, Commit=4cf5c8e
  Diff Summary:
     docs/integrity.sha256 | 11 +++++++++++
     1 file changed, 11 insertions(+)
[2025-06-12T04:37:35Z] Radicle: RID=rad:z3FEj7rF8gZw9eFksCuiN43qjzrex, Peer ID=z6Mkw5s3ppo26C7y7tGK5MD8n2GqTHS582PPpeX5Xqbu2Mpz, Branch=master, Commit=4cf5c8e
  CLI: rad inspect rad:z3FEj7rF8gZw9eFksCuiN43qjzrex # View project details
  CLI: git ls-tree -r --name-only HEAD # View file structure
  Diff Summary:
     .gitfield/radicle.sigil.md | 67 ++++++++++++++++++++++++++++++++++++++++++++++
     1 file changed, 67 insertions(+)
[2025-06-12T04:37:48Z] Forgejo: https://remember.thefoldwithin.earth/mrhavens/intellecton-lattice, Branch=master, Commit=4cf5c8e
  Diff Summary:
     .gitfield/remember.sigil.md | 59 +++++++++++++++++++++++++++++++++++++++++++++
     1 file changed, 59 insertions(+)
[2025-06-12T04:37:58Z] Codeberg: https://codeberg.org/mrhavens/intellecton-lattice, Branch=master, Commit=4cf5c8e
  Diff Summary:
     .gitfield/codeberg.sigil.md | 59 +++++++++++++++++++++++++++++++++++++++++++++
     1 file changed, 59 insertions(+)
[2025-06-12T04:38:00Z] Gitea: https://gitea.com/mrhavens/intellecton-lattice, Branch=master, Commit=4cf5c8e
  Diff Summary:
     .gitfield/pushed.log | 4 ++++
     1 file changed, 4 insertions(+)
[2025-06-12T04:38:14Z] GitLab: https://gitlab.com/mrhavens/intellecton-lattice, Branch=master, Commit=4cf5c8e
  Diff Summary:
     .gitfield/gitlab.sigil.md | 59 +++++++++++++++++++++++++++++++++++++++++++++++
     1 file changed, 59 insertions(+)
[2025-06-12T04:38:24Z] Bitbucket: https://bitbucket.org/thefoldwithin/intellecton-lattice, Branch=master, Commit=4cf5c8e
  Diff Summary:
     .gitfield/bitbucket.sigil.md | 59 ++++++++++++++++++++++++++++++++++++++++++++
     1 file changed, 59 insertions(+)
